<?xml version="1.0" encoding="UTF-8"?>
<!-- Generated by org.testng.reporters.JUnitReportReporter -->
<testsuite skipped="0" hostname="IBM-Testing01" name="alert1" tests="1" failures="0" timestamp="27 Dec 2019 11:12:44 GMT" time="2.073" errors="0">
  <testcase name="alert" time="2.073" classname="alert1"/>
</testsuite> <!-- alert1 -->
